  Building Custom Rule D:/projetos/github/nesEmu/CMakeLists.txt
  CMake does not need to re-run because D:/projetos/github/nesEmu/build/CMakeFiles/generate.stamp is up-to-date.
  Addressing.cpp
d:\projetos\github\nesemu\include\IO.h(5): fatal error C1083: Cannot open include file: 'SDL2/SDL.h': No such file or directory
  CPU.cpp
d:\projetos\github\nesemu\include\IO.h(5): fatal error C1083: Cannot open include file: 'SDL2/SDL.h': No such file or directory
  IO.cpp
D:\projetos\github\nesEmu\include\IO.h(5): fatal error C1083: Cannot open include file: 'SDL2/SDL.h': No such file or directory
  PPU.cpp
d:\projetos\github\nesemu\include\IO.h(5): fatal error C1083: Cannot open include file: 'SDL2/SDL.h': No such file or directory
  RAM.cpp
  Rom.cpp
D:\projetos\github\nesEmu\Rom.cpp(54): warning C4244: 'argument': conversion from 'std::streamoff' to 'const unsigned int', possible loss of data
  Utils.cpp
  main.cpp
d:\projetos\github\nesemu\include\IO.h(5): fatal error C1083: Cannot open include file: 'SDL2/SDL.h': No such file or directory
  ADCInstruction.cpp
d:\projetos\github\nesemu\include\IO.h(5): fatal error C1083: Cannot open include file: 'SDL2/SDL.h': No such file or directory
  ANDInstruction.cpp
d:\projetos\github\nesemu\include\IO.h(5): fatal error C1083: Cannot open include file: 'SDL2/SDL.h': No such file or directory
  ASLInstruction.cpp
d:\projetos\github\nesemu\include\IO.h(5): fatal error C1083: Cannot open include file: 'SDL2/SDL.h': No such file or directory
  BCCInstruction.cpp
d:\projetos\github\nesemu\include\IO.h(5): fatal error C1083: Cannot open include file: 'SDL2/SDL.h': No such file or directory
  BCSInstruction.cpp
d:\projetos\github\nesemu\include\IO.h(5): fatal error C1083: Cannot open include file: 'SDL2/SDL.h': No such file or directory
  BEQInstruction.cpp
d:\projetos\github\nesemu\include\IO.h(5): fatal error C1083: Cannot open include file: 'SDL2/SDL.h': No such file or directory
  BITInstruction.cpp
d:\projetos\github\nesemu\include\IO.h(5): fatal error C1083: Cannot open include file: 'SDL2/SDL.h': No such file or directory
  BMIInstruction.cpp
d:\projetos\github\nesemu\include\IO.h(5): fatal error C1083: Cannot open include file: 'SDL2/SDL.h': No such file or directory
  BNEInstruction.cpp
d:\projetos\github\nesemu\include\IO.h(5): fatal error C1083: Cannot open include file: 'SDL2/SDL.h': No such file or directory
  BPLInstruction.cpp
d:\projetos\github\nesemu\include\IO.h(5): fatal error C1083: Cannot open include file: 'SDL2/SDL.h': No such file or directory
  BRKInstruction.cpp
d:\projetos\github\nesemu\include\IO.h(5): fatal error C1083: Cannot open include file: 'SDL2/SDL.h': No such file or directory
  BVCInstruction.cpp
d:\projetos\github\nesemu\include\IO.h(5): fatal error C1083: Cannot open include file: 'SDL2/SDL.h': No such file or directory
  Generating Code...
  Compiling...
  BVSInstruction.cpp
d:\projetos\github\nesemu\include\IO.h(5): fatal error C1083: Cannot open include file: 'SDL2/SDL.h': No such file or directory
  CLCInstruction.cpp
d:\projetos\github\nesemu\include\IO.h(5): fatal error C1083: Cannot open include file: 'SDL2/SDL.h': No such file or directory
  CLDInstruction.cpp
d:\projetos\github\nesemu\include\IO.h(5): fatal error C1083: Cannot open include file: 'SDL2/SDL.h': No such file or directory
  CLIInstruction.cpp
d:\projetos\github\nesemu\include\IO.h(5): fatal error C1083: Cannot open include file: 'SDL2/SDL.h': No such file or directory
  CLVInstruction.cpp
d:\projetos\github\nesemu\include\IO.h(5): fatal error C1083: Cannot open include file: 'SDL2/SDL.h': No such file or directory
  CMPInstruction.cpp
d:\projetos\github\nesemu\include\IO.h(5): fatal error C1083: Cannot open include file: 'SDL2/SDL.h': No such file or directory
  CPXInstruction.cpp
d:\projetos\github\nesemu\include\IO.h(5): fatal error C1083: Cannot open include file: 'SDL2/SDL.h': No such file or directory
  CPYInstruction.cpp
d:\projetos\github\nesemu\include\IO.h(5): fatal error C1083: Cannot open include file: 'SDL2/SDL.h': No such file or directory
  DCPInstruction.cpp
d:\projetos\github\nesemu\include\IO.h(5): fatal error C1083: Cannot open include file: 'SDL2/SDL.h': No such file or directory
  DECInstruction.cpp
d:\projetos\github\nesemu\include\IO.h(5): fatal error C1083: Cannot open include file: 'SDL2/SDL.h': No such file or directory
  DEXInstruction.cpp
d:\projetos\github\nesemu\include\IO.h(5): fatal error C1083: Cannot open include file: 'SDL2/SDL.h': No such file or directory
  DEYInstruction.cpp
d:\projetos\github\nesemu\include\IO.h(5): fatal error C1083: Cannot open include file: 'SDL2/SDL.h': No such file or directory
  EORInstruction.cpp
d:\projetos\github\nesemu\include\IO.h(5): fatal error C1083: Cannot open include file: 'SDL2/SDL.h': No such file or directory
  INCInstruction.cpp
d:\projetos\github\nesemu\include\IO.h(5): fatal error C1083: Cannot open include file: 'SDL2/SDL.h': No such file or directory
  INXInstruction.cpp
d:\projetos\github\nesemu\include\IO.h(5): fatal error C1083: Cannot open include file: 'SDL2/SDL.h': No such file or directory
  INYInstruction.cpp
d:\projetos\github\nesemu\include\IO.h(5): fatal error C1083: Cannot open include file: 'SDL2/SDL.h': No such file or directory
  ISBInstruction.cpp
d:\projetos\github\nesemu\include\IO.h(5): fatal error C1083: Cannot open include file: 'SDL2/SDL.h': No such file or directory
  Instruction.cpp
d:\projetos\github\nesemu\include\IO.h(5): fatal error C1083: Cannot open include file: 'SDL2/SDL.h': No such file or directory
  JMPInstruction.cpp
d:\projetos\github\nesemu\include\IO.h(5): fatal error C1083: Cannot open include file: 'SDL2/SDL.h': No such file or directory
  JSRInstruction.cpp
d:\projetos\github\nesemu\include\IO.h(5): fatal error C1083: Cannot open include file: 'SDL2/SDL.h': No such file or directory
  Generating Code...
  Compiling...
  LAXInstruction.cpp
d:\projetos\github\nesemu\include\IO.h(5): fatal error C1083: Cannot open include file: 'SDL2/SDL.h': No such file or directory
  LDAInstruction.cpp
d:\projetos\github\nesemu\include\IO.h(5): fatal error C1083: Cannot open include file: 'SDL2/SDL.h': No such file or directory
  LDXInstruction.cpp
d:\projetos\github\nesemu\include\IO.h(5): fatal error C1083: Cannot open include file: 'SDL2/SDL.h': No such file or directory
  LDYInstruction.cpp
d:\projetos\github\nesemu\include\IO.h(5): fatal error C1083: Cannot open include file: 'SDL2/SDL.h': No such file or directory
  LSRInstruction.cpp
d:\projetos\github\nesemu\include\IO.h(5): fatal error C1083: Cannot open include file: 'SDL2/SDL.h': No such file or directory
  NOPInstruction.cpp
d:\projetos\github\nesemu\include\IO.h(5): fatal error C1083: Cannot open include file: 'SDL2/SDL.h': No such file or directory
  ORAInstruction.cpp
d:\projetos\github\nesemu\include\IO.h(5): fatal error C1083: Cannot open include file: 'SDL2/SDL.h': No such file or directory
  PHAInstruction.cpp
d:\projetos\github\nesemu\include\IO.h(5): fatal error C1083: Cannot open include file: 'SDL2/SDL.h': No such file or directory
  PHPInstruction.cpp
d:\projetos\github\nesemu\include\IO.h(5): fatal error C1083: Cannot open include file: 'SDL2/SDL.h': No such file or directory
  PLAInstruction.cpp
d:\projetos\github\nesemu\include\IO.h(5): fatal error C1083: Cannot open include file: 'SDL2/SDL.h': No such file or directory
  PLPInstruction.cpp
d:\projetos\github\nesemu\include\IO.h(5): fatal error C1083: Cannot open include file: 'SDL2/SDL.h': No such file or directory
  RLAInstruction.cpp
d:\projetos\github\nesemu\include\IO.h(5): fatal error C1083: Cannot open include file: 'SDL2/SDL.h': No such file or directory
  ROLInstruction.cpp
d:\projetos\github\nesemu\include\IO.h(5): fatal error C1083: Cannot open include file: 'SDL2/SDL.h': No such file or directory
  RORInstruction.cpp
d:\projetos\github\nesemu\include\IO.h(5): fatal error C1083: Cannot open include file: 'SDL2/SDL.h': No such file or directory
  RRAInstruction.cpp
d:\projetos\github\nesemu\include\IO.h(5): fatal error C1083: Cannot open include file: 'SDL2/SDL.h': No such file or directory
  RTIInstruction.cpp
d:\projetos\github\nesemu\include\IO.h(5): fatal error C1083: Cannot open include file: 'SDL2/SDL.h': No such file or directory
  RTSInstruction.cpp
d:\projetos\github\nesemu\include\IO.h(5): fatal error C1083: Cannot open include file: 'SDL2/SDL.h': No such file or directory
  SAXInstruction.cpp
d:\projetos\github\nesemu\include\IO.h(5): fatal error C1083: Cannot open include file: 'SDL2/SDL.h': No such file or directory
  SBCInstruction.cpp
d:\projetos\github\nesemu\include\IO.h(5): fatal error C1083: Cannot open include file: 'SDL2/SDL.h': No such file or directory
  SECInstruction.cpp
d:\projetos\github\nesemu\include\IO.h(5): fatal error C1083: Cannot open include file: 'SDL2/SDL.h': No such file or directory
  Generating Code...
  Compiling...
  SEDInstruction.cpp
d:\projetos\github\nesemu\include\IO.h(5): fatal error C1083: Cannot open include file: 'SDL2/SDL.h': No such file or directory
  SLOInstruction.cpp
d:\projetos\github\nesemu\include\IO.h(5): fatal error C1083: Cannot open include file: 'SDL2/SDL.h': No such file or directory
  SREInstruction.cpp
d:\projetos\github\nesemu\include\IO.h(5): fatal error C1083: Cannot open include file: 'SDL2/SDL.h': No such file or directory
  STAInstruction.cpp
d:\projetos\github\nesemu\include\IO.h(5): fatal error C1083: Cannot open include file: 'SDL2/SDL.h': No such file or directory
  STXInstruction.cpp
d:\projetos\github\nesemu\include\IO.h(5): fatal error C1083: Cannot open include file: 'SDL2/SDL.h': No such file or directory
  STYInstruction.cpp
d:\projetos\github\nesemu\include\IO.h(5): fatal error C1083: Cannot open include file: 'SDL2/SDL.h': No such file or directory
  SeiInstruction.cpp
d:\projetos\github\nesemu\include\IO.h(5): fatal error C1083: Cannot open include file: 'SDL2/SDL.h': No such file or directory
  TAXInstruction.cpp
d:\projetos\github\nesemu\include\IO.h(5): fatal error C1083: Cannot open include file: 'SDL2/SDL.h': No such file or directory
  TAYInstruction.cpp
d:\projetos\github\nesemu\include\IO.h(5): fatal error C1083: Cannot open include file: 'SDL2/SDL.h': No such file or directory
  TSXInstruction.cpp
d:\projetos\github\nesemu\include\IO.h(5): fatal error C1083: Cannot open include file: 'SDL2/SDL.h': No such file or directory
  TXAInstruction.cpp
d:\projetos\github\nesemu\include\IO.h(5): fatal error C1083: Cannot open include file: 'SDL2/SDL.h': No such file or directory
  TXSInstruction.cpp
d:\projetos\github\nesemu\include\IO.h(5): fatal error C1083: Cannot open include file: 'SDL2/SDL.h': No such file or directory
  TYAInstruction.cpp
d:\projetos\github\nesemu\include\IO.h(5): fatal error C1083: Cannot open include file: 'SDL2/SDL.h': No such file or directory
  Generating Code...
